2016/02/09 18:37:41 [error] [exception.CHttpException.404] exception 'CHttpException' with message 'The system is unable to find the requested action "favicon.ico".' in /var/www/klinik/framework/web/CController.php:483
Stack trace:
#0 /var/www/klinik/framework/web/CController.php(270): CController->missingAction('favicon.ico')
#1 /var/www/klinik/framework/web/CWebApplication.php(282): CController->run('favicon.ico')
#2 /var/www/klinik/framework/web/CWebApplication.php(141): CWebApplication->runController('site/favicon.ic...')
#3 /var/www/klinik/framework/base/CApplication.php(185): CWebApplication->processRequest()
#4 /var/www/klinik/index.php(13): CApplication->run()
#5 {main}
REQUEST_URI=/klinik/site/favicon.ico
HTTP_REFERER=http://localhost/klinik/site/login
---
2016/02/09 18:51:59 [error] [exception.CHttpException.404] exception 'CHttpException' with message 'Unable to resolve the request "favicon.ico".' in /var/www/klinik/framework/web/CWebApplication.php:286
Stack trace:
#0 /var/www/klinik/framework/web/CWebApplication.php(141): CWebApplication->runController('favicon.ico')
#1 /var/www/klinik/framework/base/CApplication.php(185): CWebApplication->processRequest()
#2 /var/www/klinik/index.php(13): CApplication->run()
#3 {main}
REQUEST_URI=/klinik/favicon.ico
HTTP_REFERER=http://localhost/klinik/admin
---
2016/02/09 18:52:12 [error] [exception.CHttpException.404] exception 'CHttpException' with message 'Unable to resolve the request "admin/favicon.ico".' in /var/www/klinik/framework/web/CWebApplication.php:286
Stack trace:
#0 /var/www/klinik/framework/web/CWebApplication.php(141): CWebApplication->runController('admin/favicon.i...')
#1 /var/www/klinik/framework/base/CApplication.php(185): CWebApplication->processRequest()
#2 /var/www/klinik/index.php(13): CApplication->run()
#3 {main}
REQUEST_URI=/klinik/admin/favicon.ico
HTTP_REFERER=http://localhost/klinik/admin/item
---
2016/02/09 18:52:16 [error] [exception.CHttpException.400] exception 'CHttpException' with message 'Your request is invalid.' in /var/www/klinik/framework/web/CController.php:336
Stack trace:
#0 /var/www/klinik/framework/web/CController.php(309): CController->invalidActionParams(Object(CInlineAction))
#1 /var/www/klinik/framework/web/filters/CFilterChain.php(133): CController->runAction(Object(CInlineAction))
#2 /var/www/klinik/framework/web/filters/CFilter.php(40): CFilterChain->run()
#3 /var/www/klinik/framework/web/CController.php(1145): CFilter->filter(Object(CFilterChain))
#4 /var/www/klinik/framework/web/filters/CInlineFilter.php(58): CController->filterAccessControl(Object(CFilterChain))
#5 /var/www/klinik/framework/web/filters/CFilterChain.php(130): CInlineFilter->filter(Object(CFilterChain))
#6 /var/www/klinik/framework/web/CController.php(291): CFilterChain->run()
#7 /var/www/klinik/framework/web/CController.php(265): CController->runActionWithFilters(Object(CInlineAction), Array)
#8 /var/www/klinik/framework/web/CWebApplication.php(282): CController->run('update')
#9 /var/www/klinik/framework/web/CWebApplication.php(141): CWebApplication->runController('admin/item/upda...')
#10 /var/www/klinik/framework/base/CApplication.php(185): CWebApplication->processRequest()
#11 /var/www/klinik/index.php(13): CApplication->run()
#12 {main}
REQUEST_URI=/klinik/admin/item/update/favicon.ico
HTTP_REFERER=http://localhost/klinik/admin/item/update/1
---
2016/02/09 18:52:20 [error] [php] Trying to get property of non-object (/var/www/klinik/protected/models/Supplier.php:116)
Stack trace:
#0 /var/www/klinik/framework/web/CBaseController.php(95): ItemController->renderInternal()
#1 /var/www/klinik/framework/web/CController.php(869): ItemController->renderFile()
#2 /var/www/klinik/framework/web/CController.php(782): ItemController->renderPartial()
#3 /var/www/klinik/protected/modules/admin/controllers/ItemController.php(60): ItemController->render()
#4 unknown(0): ItemController->actionView()
#5 /var/www/klinik/framework/web/actions/CAction.php(109): ReflectionMethod->invokeArgs()
#6 /var/www/klinik/framework/web/actions/CInlineAction.php(47): CInlineAction->runWithParamsInternal()
#7 /var/www/klinik/framework/web/CController.php(308): CInlineAction->runWithParams()
#8 /var/www/klinik/framework/web/filters/CFilterChain.php(133): ItemController->runAction()
#9 /var/www/klinik/framework/web/filters/CFilter.php(40): CFilterChain->run()
#10 /var/www/klinik/framework/web/CController.php(1145): CAccessControlFilter->filter()
#11 /var/www/klinik/framework/web/filters/CInlineFilter.php(58): ItemController->filterAccessControl()
#12 /var/www/klinik/framework/web/filters/CFilterChain.php(130): CInlineFilter->filter()
#13 /var/www/klinik/framework/web/CController.php(291): CFilterChain->run()
#14 /var/www/klinik/framework/web/CController.php(265): ItemController->runActionWithFilters()
#15 /var/www/klinik/framework/web/CWebApplication.php(282): ItemController->run()
#16 /var/www/klinik/framework/web/CWebApplication.php(141): CWebApplication->runController()
#17 /var/www/klinik/framework/base/CApplication.php(185): CWebApplication->processRequest()
#18 /var/www/klinik/index.php(13): CWebApplication->run()
REQUEST_URI=/klinik/admin/item/view/1
in /var/www/klinik/protected/models/Supplier.php (116)
in /var/www/klinik/protected/modules/admin/views/item/view.php (98)
in /var/www/klinik/protected/modules/admin/controllers/ItemController.php (60)
2016/02/09 18:52:27 [error] [exception.CHttpException.400] exception 'CHttpException' with message 'Your request is invalid.' in /var/www/klinik/framework/web/CController.php:336
Stack trace:
#0 /var/www/klinik/framework/web/CController.php(309): CController->invalidActionParams(Object(CInlineAction))
#1 /var/www/klinik/framework/web/filters/CFilterChain.php(133): CController->runAction(Object(CInlineAction))
#2 /var/www/klinik/framework/web/filters/CFilter.php(40): CFilterChain->run()
#3 /var/www/klinik/framework/web/CController.php(1145): CFilter->filter(Object(CFilterChain))
#4 /var/www/klinik/framework/web/filters/CInlineFilter.php(58): CController->filterAccessControl(Object(CFilterChain))
#5 /var/www/klinik/framework/web/filters/CFilterChain.php(130): CInlineFilter->filter(Object(CFilterChain))
#6 /var/www/klinik/framework/web/CController.php(291): CFilterChain->run()
#7 /var/www/klinik/framework/web/CController.php(265): CController->runActionWithFilters(Object(CInlineAction), Array)
#8 /var/www/klinik/framework/web/CWebApplication.php(282): CController->run('update')
#9 /var/www/klinik/framework/web/CWebApplication.php(141): CWebApplication->runController('admin/item/upda...')
#10 /var/www/klinik/framework/base/CApplication.php(185): CWebApplication->processRequest()
#11 /var/www/klinik/index.php(13): CApplication->run()
#12 {main}
REQUEST_URI=/klinik/admin/item/update/favicon.ico
HTTP_REFERER=http://localhost/klinik/admin/item/update/1
---
2016/02/09 18:54:13 [error] [exception.CHttpException.404] exception 'CHttpException' with message 'The system is unable to find the requested action "hapus".' in /var/www/klinik/framework/web/CController.php:483
Stack trace:
#0 /var/www/klinik/framework/web/CController.php(270): CController->missingAction('hapus')
#1 /var/www/klinik/framework/web/CWebApplication.php(282): CController->run('hapus')
#2 /var/www/klinik/framework/web/CWebApplication.php(141): CWebApplication->runController('admin/item/hapu...')
#3 /var/www/klinik/framework/base/CApplication.php(185): CWebApplication->processRequest()
#4 /var/www/klinik/index.php(13): CApplication->run()
#5 {main}
REQUEST_URI=/klinik/admin/item/hapus/7
HTTP_REFERER=http://localhost/klinik/admin/item
---
2016/02/09 18:55:56 [error] [php] Trying to get property of non-object (/var/www/klinik/protected/models/Supplier.php:116)
Stack trace:
#0 /var/www/klinik/framework/web/CBaseController.php(95): ItemController->renderInternal()
#1 /var/www/klinik/framework/web/CController.php(869): ItemController->renderFile()
#2 /var/www/klinik/framework/web/CController.php(782): ItemController->renderPartial()
#3 /var/www/klinik/protected/modules/admin/controllers/ItemController.php(60): ItemController->render()
#4 unknown(0): ItemController->actionView()
#5 /var/www/klinik/framework/web/actions/CAction.php(109): ReflectionMethod->invokeArgs()
#6 /var/www/klinik/framework/web/actions/CInlineAction.php(47): CInlineAction->runWithParamsInternal()
#7 /var/www/klinik/framework/web/CController.php(308): CInlineAction->runWithParams()
#8 /var/www/klinik/framework/web/filters/CFilterChain.php(133): ItemController->runAction()
#9 /var/www/klinik/framework/web/filters/CFilter.php(40): CFilterChain->run()
#10 /var/www/klinik/framework/web/CController.php(1145): CAccessControlFilter->filter()
#11 /var/www/klinik/framework/web/filters/CInlineFilter.php(58): ItemController->filterAccessControl()
#12 /var/www/klinik/framework/web/filters/CFilterChain.php(130): CInlineFilter->filter()
#13 /var/www/klinik/framework/web/CController.php(291): CFilterChain->run()
#14 /var/www/klinik/framework/web/CController.php(265): ItemController->runActionWithFilters()
#15 /var/www/klinik/framework/web/CWebApplication.php(282): ItemController->run()
#16 /var/www/klinik/framework/web/CWebApplication.php(141): CWebApplication->runController()
#17 /var/www/klinik/framework/base/CApplication.php(185): CWebApplication->processRequest()
#18 /var/www/klinik/index.php(13): CWebApplication->run()
REQUEST_URI=/klinik/admin/item/view/1
in /var/www/klinik/protected/models/Supplier.php (116)
in /var/www/klinik/protected/modules/admin/views/item/view.php (98)
in /var/www/klinik/protected/modules/admin/controllers/ItemController.php (60)
2016/02/09 19:43:42 [error] [exception.CHttpException.400] exception 'CHttpException' with message 'Your request is invalid.' in /var/www/klinik/framework/web/CController.php:336
Stack trace:
#0 /var/www/klinik/framework/web/CController.php(309): CController->invalidActionParams(Object(CInlineAction))
#1 /var/www/klinik/framework/web/filters/CFilterChain.php(133): CController->runAction(Object(CInlineAction))
#2 /var/www/klinik/framework/web/filters/CFilter.php(40): CFilterChain->run()
#3 /var/www/klinik/framework/web/CController.php(1145): CFilter->filter(Object(CFilterChain))
#4 /var/www/klinik/framework/web/filters/CInlineFilter.php(58): CController->filterAccessControl(Object(CFilterChain))
#5 /var/www/klinik/framework/web/filters/CFilterChain.php(130): CInlineFilter->filter(Object(CFilterChain))
#6 /var/www/klinik/framework/web/CController.php(291): CFilterChain->run()
#7 /var/www/klinik/framework/web/CController.php(265): CController->runActionWithFilters(Object(CInlineAction), Array)
#8 /var/www/klinik/framework/web/CWebApplication.php(282): CController->run('view')
#9 /var/www/klinik/framework/web/CWebApplication.php(141): CWebApplication->runController('admin/order/vie...')
#10 /var/www/klinik/framework/base/CApplication.php(185): CWebApplication->processRequest()
#11 /var/www/klinik/index.php(13): CApplication->run()
#12 {main}
REQUEST_URI=/klinik/admin/order/view/favicon.ico
HTTP_REFERER=http://localhost/klinik/admin/order/view/000001
---
2016/02/09 19:44:03 [error] [exception.CHttpException.400] exception 'CHttpException' with message 'Your request is invalid.' in /var/www/klinik/framework/web/CController.php:336
Stack trace:
#0 /var/www/klinik/framework/web/CController.php(309): CController->invalidActionParams(Object(CInlineAction))
#1 /var/www/klinik/framework/web/filters/CFilterChain.php(133): CController->runAction(Object(CInlineAction))
#2 /var/www/klinik/framework/web/filters/CFilter.php(40): CFilterChain->run()
#3 /var/www/klinik/framework/web/CController.php(1145): CFilter->filter(Object(CFilterChain))
#4 /var/www/klinik/framework/web/filters/CInlineFilter.php(58): CController->filterAccessControl(Object(CFilterChain))
#5 /var/www/klinik/framework/web/filters/CFilterChain.php(130): CInlineFilter->filter(Object(CFilterChain))
#6 /var/www/klinik/framework/web/CController.php(291): CFilterChain->run()
#7 /var/www/klinik/framework/web/CController.php(265): CController->runActionWithFilters(Object(CInlineAction), Array)
#8 /var/www/klinik/framework/web/CWebApplication.php(282): CController->run('view')
#9 /var/www/klinik/framework/web/CWebApplication.php(141): CWebApplication->runController('admin/order/vie...')
#10 /var/www/klinik/framework/base/CApplication.php(185): CWebApplication->processRequest()
#11 /var/www/klinik/index.php(13): CApplication->run()
#12 {main}
REQUEST_URI=/klinik/admin/order/view/favicon.ico
HTTP_REFERER=http://localhost/klinik/admin/order/view/000001
---
2016/02/09 19:44:46 [error] [exception.CHttpException.404] exception 'CHttpException' with message 'The system is unable to find the requested action "favicon.ico".' in /var/www/klinik/framework/web/CController.php:483
Stack trace:
#0 /var/www/klinik/framework/web/CController.php(270): CController->missingAction('favicon.ico')
#1 /var/www/klinik/framework/web/CWebApplication.php(282): CController->run('favicon.ico')
#2 /var/www/klinik/framework/web/CWebApplication.php(141): CWebApplication->runController('admin/kategori/...')
#3 /var/www/klinik/framework/base/CApplication.php(185): CWebApplication->processRequest()
#4 /var/www/klinik/index.php(13): CApplication->run()
#5 {main}
REQUEST_URI=/klinik/admin/kategori/favicon.ico
HTTP_REFERER=http://localhost/klinik/admin/kategori/create
---
2016/02/09 19:44:54 [error] [exception.CHttpException.400] exception 'CHttpException' with message 'Your request is invalid.' in /var/www/klinik/framework/web/CController.php:336
Stack trace:
#0 /var/www/klinik/framework/web/CController.php(309): CController->invalidActionParams(Object(CInlineAction))
#1 /var/www/klinik/framework/web/filters/CFilterChain.php(133): CController->runAction(Object(CInlineAction))
#2 /var/www/klinik/framework/web/filters/CFilter.php(40): CFilterChain->run()
#3 /var/www/klinik/framework/web/CController.php(1145): CFilter->filter(Object(CFilterChain))
#4 /var/www/klinik/framework/web/filters/CInlineFilter.php(58): CController->filterAccessControl(Object(CFilterChain))
#5 /var/www/klinik/framework/web/filters/CFilterChain.php(130): CInlineFilter->filter(Object(CFilterChain))
#6 /var/www/klinik/framework/web/CController.php(291): CFilterChain->run()
#7 /var/www/klinik/framework/web/CController.php(265): CController->runActionWithFilters(Object(CInlineAction), Array)
#8 /var/www/klinik/framework/web/CWebApplication.php(282): CController->run('view')
#9 /var/www/klinik/framework/web/CWebApplication.php(141): CWebApplication->runController('admin/supplier/...')
#10 /var/www/klinik/framework/base/CApplication.php(185): CWebApplication->processRequest()
#11 /var/www/klinik/index.php(13): CApplication->run()
#12 {main}
REQUEST_URI=/klinik/admin/supplier/view/favicon.ico
HTTP_REFERER=http://localhost/klinik/admin/supplier/view/3
---
2016/02/09 12:50:14 [error] [php] Undefined variable: timestamp (/var/www/klinik/protected/controllers/SiteController.php:185)
Stack trace:
#0 /var/www/klinik/framework/web/filters/CFilterChain.php(133): SiteController->runAction()
#1 /var/www/klinik/framework/web/filters/CFilter.php(40): CFilterChain->run()
#2 /var/www/klinik/framework/web/CController.php(1145): CAccessControlFilter->filter()
#3 /var/www/klinik/framework/web/filters/CInlineFilter.php(58): SiteController->filterAccessControl()
#4 /var/www/klinik/framework/web/filters/CFilterChain.php(130): CInlineFilter->filter()
#5 /var/www/klinik/framework/web/CController.php(291): CFilterChain->run()
#6 /var/www/klinik/framework/web/CController.php(265): SiteController->runActionWithFilters()
#7 /var/www/klinik/framework/web/CWebApplication.php(282): SiteController->run()
#8 /var/www/klinik/framework/web/CWebApplication.php(141): CWebApplication->runController()
#9 /var/www/klinik/framework/base/CApplication.php(185): CWebApplication->processRequest()
#10 /var/www/klinik/index.php(13): CWebApplication->run()
REQUEST_URI=/klinik/site/login
in /var/www/klinik/protected/controllers/SiteController.php (185)
in /var/www/klinik/index.php (13)
2016/02/11 10:00:57 [error] [exception.CHttpException.404] exception 'CHttpException' with message 'The system is unable to find the requested action "favicon.ico".' in /var/www/klinik/framework/web/CController.php:483
Stack trace:
#0 /var/www/klinik/framework/web/CController.php(270): CController->missingAction('favicon.ico')
#1 /var/www/klinik/framework/web/CWebApplication.php(282): CController->run('favicon.ico')
#2 /var/www/klinik/framework/web/CWebApplication.php(141): CWebApplication->runController('site/favicon.ic...')
#3 /var/www/klinik/framework/base/CApplication.php(185): CWebApplication->processRequest()
#4 /var/www/klinik/index.php(13): CApplication->run()
#5 {main}
REQUEST_URI=/klinik/site/favicon.ico
HTTP_REFERER=http://localhost/klinik/site/login
---
